{"/Users/brianreavis/Repositories/geocsv-info/index.js":{"path":"/Users/brianreavis/Repositories/geocsv-info/index.js","s":{"1":1,"2":1,"3":1,"4":1,"5":1,"6":1,"7":20,"8":19,"9":19,"10":20,"11":20,"12":20,"13":1,"14":19,"15":19,"16":19,"17":19,"18":19,"19":19,"20":19,"21":19,"22":19,"23":19,"24":19,"25":19,"26":19,"27":19,"28":19,"29":19,"30":19,"31":19,"32":19,"33":19,"34":19,"35":64,"36":64,"37":19,"38":19,"39":19,"40":1,"41":18,"42":18,"43":18,"44":18,"45":1,"46":17,"47":17,"48":45,"49":45,"50":0,"51":0,"52":0,"53":0,"54":0,"55":0,"56":45,"57":15,"58":15,"59":0,"60":62,"61":62,"62":19,"63":19,"64":19,"65":19,"66":45,"67":45,"68":17,"69":17,"70":58,"71":58,"72":45,"73":45,"74":45,"75":2,"76":2,"77":45,"78":43,"79":43,"80":43,"81":43,"82":19,"83":19,"84":17,"85":17,"86":1,"87":17,"88":5,"89":5,"90":5,"91":17,"92":17,"93":17,"94":12,"95":12,"96":12,"97":28,"98":28,"99":26,"100":1,"101":18,"102":18,"103":61,"104":61,"105":7,"106":7,"107":54,"108":5,"109":5,"110":49,"111":5,"112":5,"113":5,"114":5,"115":44,"116":5,"117":5,"118":5,"119":5,"120":18,"121":1,"122":18,"123":18,"124":72,"125":18,"126":18,"127":72,"128":17,"129":17,"130":18,"131":1,"132":15,"133":15,"134":15,"135":15,"136":0,"137":1,"138":26,"139":26,"140":26,"141":26,"142":26,"143":26,"144":26,"145":26,"146":75,"147":75,"148":75,"149":75,"150":75,"151":75,"152":26},"b":{"1":[19,1],"2":[20,19],"3":[1,19],"4":[19,0],"5":[19,17,15],"6":[2,17],"7":[19,45],"8":[19,18],"9":[1,18],"10":[1,17],"11":[0,45],"12":[0,0],"13":[0,0],"14":[15,30],"15":[17,28],"16":[22,36],"17":[43,2],"18":[5,12],"19":[7,54],"20":[61,54],"21":[5,49],"22":[5,44],"23":[49,47,46,45,45],"24":[5,1],"25":[5,39],"26":[44,42,40],"27":[5,4],"28":[17,55],"29":[15,0],"30":[15,0],"31":[15,15]},"f":{"1":20,"2":20,"3":19,"4":64,"5":45,"6":58,"7":17,"8":17,"9":17,"10":28,"11":18,"12":18,"13":72,"14":15,"15":26},"fnMap":{"1":{"name":"(anonymous_1)","line":7,"loc":{"start":{"line":7,"column":17},"end":{"line":7,"column":55}}},"2":{"name":"(anonymous_2)","line":15,"loc":{"start":{"line":15,"column":19},"end":{"line":15,"column":40}}},"3":{"name":"(anonymous_3)","line":37,"loc":{"start":{"line":37,"column":13},"end":{"line":37,"column":26}}},"4":{"name":"(anonymous_4)","line":46,"loc":{"start":{"line":46,"column":30},"end":{"line":46,"column":59}}},"5":{"name":"(anonymous_5)","line":100,"loc":{"start":{"line":100,"column":20},"end":{"line":100,"column":37}}},"6":{"name":"(anonymous_6)","line":105,"loc":{"start":{"line":105,"column":25},"end":{"line":105,"column":44}}},"7":{"name":"(anonymous_7)","line":127,"loc":{"start":{"line":127,"column":19},"end":{"line":127,"column":29}}},"8":{"name":"(anonymous_8)","line":140,"loc":{"start":{"line":140,"column":33},"end":{"line":140,"column":56}}},"9":{"name":"(anonymous_9)","line":144,"loc":{"start":{"line":144,"column":9},"end":{"line":144,"column":22}}},"10":{"name":"(anonymous_10)","line":152,"loc":{"start":{"line":152,"column":9},"end":{"line":152,"column":22}}},"11":{"name":"(anonymous_11)","line":160,"loc":{"start":{"line":160,"column":37},"end":{"line":160,"column":57}}},"12":{"name":"(anonymous_12)","line":215,"loc":{"start":{"line":215,"column":33},"end":{"line":215,"column":52}}},"13":{"name":"(anonymous_13)","line":219,"loc":{"start":{"line":219,"column":29},"end":{"line":219,"column":48}}},"14":{"name":"(anonymous_14)","line":233,"loc":{"start":{"line":233,"column":32},"end":{"line":233,"column":51}}},"15":{"name":"getArrayExtent","line":246,"loc":{"start":{"line":246,"column":0},"end":{"line":246,"column":32}}}},"statementMap":{"1":{"start":{"line":1,"column":0},"end":{"line":1,"column":23}},"2":{"start":{"line":2,"column":0},"end":{"line":2,"column":32}},"3":{"start":{"line":3,"column":0},"end":{"line":3,"column":31}},"4":{"start":{"line":4,"column":0},"end":{"line":4,"column":35}},"5":{"start":{"line":5,"column":0},"end":{"line":5,"column":57}},"6":{"start":{"line":7,"column":0},"end":{"line":140,"column":0}},"7":{"start":{"line":8,"column":1},"end":{"line":11,"column":2}},"8":{"start":{"line":9,"column":2},"end":{"line":9,"column":21}},"9":{"start":{"line":10,"column":2},"end":{"line":10,"column":17}},"10":{"start":{"line":13,"column":1},"end":{"line":13,"column":25}},"11":{"start":{"line":15,"column":1},"end":{"line":137,"column":4}},"12":{"start":{"line":16,"column":2},"end":{"line":16,"column":31}},"13":{"start":{"line":16,"column":10},"end":{"line":16,"column":31}},"14":{"start":{"line":18,"column":2},"end":{"line":18,"column":28}},"15":{"start":{"line":19,"column":2},"end":{"line":19,"column":34}},"16":{"start":{"line":20,"column":2},"end":{"line":20,"column":23}},"17":{"start":{"line":21,"column":2},"end":{"line":21,"column":23}},"18":{"start":{"line":22,"column":2},"end":{"line":22,"column":22}},"19":{"start":{"line":23,"column":2},"end":{"line":23,"column":23}},"20":{"start":{"line":24,"column":2},"end":{"line":24,"column":22}},"21":{"start":{"line":25,"column":2},"end":{"line":25,"column":23}},"22":{"start":{"line":26,"column":2},"end":{"line":26,"column":38}},"23":{"start":{"line":27,"column":2},"end":{"line":27,"column":38}},"24":{"start":{"line":28,"column":2},"end":{"line":28,"column":38}},"25":{"start":{"line":29,"column":2},"end":{"line":29,"column":38}},"26":{"start":{"line":30,"column":2},"end":{"line":30,"column":16}},"27":{"start":{"line":31,"column":2},"end":{"line":35,"column":4}},"28":{"start":{"line":37,"column":2},"end":{"line":44,"column":2}},"29":{"start":{"line":38,"column":3},"end":{"line":41,"column":4}},"30":{"start":{"line":39,"column":4},"end":{"line":39,"column":18}},"31":{"start":{"line":40,"column":4},"end":{"line":40,"column":56}},"32":{"start":{"line":44,"column":2},"end":{"line":44,"column":73}},"33":{"start":{"line":45,"column":2},"end":{"line":45,"column":27}},"34":{"start":{"line":46,"column":2},"end":{"line":93,"column":5}},"35":{"start":{"line":47,"column":3},"end":{"line":47,"column":26}},"36":{"start":{"line":49,"column":3},"end":{"line":89,"column":4}},"37":{"start":{"line":50,"column":4},"end":{"line":50,"column":18}},"38":{"start":{"line":53,"column":4},"end":{"line":53,"column":79}},"39":{"start":{"line":54,"column":4},"end":{"line":56,"column":5}},"40":{"start":{"line":55,"column":5},"end":{"line":55,"column":54}},"41":{"start":{"line":57,"column":4},"end":{"line":57,"column":56}},"42":{"start":{"line":60,"column":4},"end":{"line":60,"column":46}},"43":{"start":{"line":63,"column":4},"end":{"line":63,"column":74}},"44":{"start":{"line":64,"column":4},"end":{"line":66,"column":5}},"45":{"start":{"line":65,"column":5},"end":{"line":65,"column":66}},"46":{"start":{"line":67,"column":4},"end":{"line":67,"column":58}},"47":{"start":{"line":68,"column":4},"end":{"line":68,"column":67}},"48":{"start":{"line":70,"column":4},"end":{"line":70,"column":17}},"49":{"start":{"line":72,"column":4},"end":{"line":80,"column":5}},"50":{"start":{"line":73,"column":6},"end":{"line":79,"column":6}},"51":{"start":{"line":74,"column":6},"end":{"line":74,"column":58}},"52":{"start":{"line":75,"column":6},"end":{"line":75,"column":43}},"53":{"start":{"line":75,"column":25},"end":{"line":75,"column":43}},"54":{"start":{"line":76,"column":6},"end":{"line":76,"column":57}},"55":{"start":{"line":78,"column":6},"end":{"line":78,"column":24}},"56":{"start":{"line":82,"column":4},"end":{"line":88,"column":5}},"57":{"start":{"line":83,"column":5},"end":{"line":87,"column":6}},"58":{"start":{"line":84,"column":6},"end":{"line":84,"column":49}},"59":{"start":{"line":86,"column":6},"end":{"line":86,"column":62}},"60":{"start":{"line":91,"column":3},"end":{"line":91,"column":24}},"61":{"start":{"line":92,"column":3},"end":{"line":92,"column":14}},"62":{"start":{"line":95,"column":2},"end":{"line":95,"column":31}},"63":{"start":{"line":96,"column":2},"end":{"line":96,"column":33}},"64":{"start":{"line":98,"column":2},"end":{"line":98,"column":69}},"65":{"start":{"line":100,"column":2},"end":{"line":125,"column":5}},"66":{"start":{"line":101,"column":3},"end":{"line":101,"column":17}},"67":{"start":{"line":103,"column":3},"end":{"line":109,"column":4}},"68":{"start":{"line":104,"column":4},"end":{"line":104,"column":21}},"69":{"start":{"line":105,"column":4},"end":{"line":108,"column":7}},"70":{"start":{"line":106,"column":5},"end":{"line":106,"column":87}},"71":{"start":{"line":107,"column":5},"end":{"line":107,"column":62}},"72":{"start":{"line":111,"column":3},"end":{"line":111,"column":14}},"73":{"start":{"line":112,"column":3},"end":{"line":117,"column":4}},"74":{"start":{"line":113,"column":4},"end":{"line":113,"column":32}},"75":{"start":{"line":115,"column":4},"end":{"line":115,"column":60}},"76":{"start":{"line":116,"column":4},"end":{"line":116,"column":19}},"77":{"start":{"line":119,"column":3},"end":{"line":124,"column":4}},"78":{"start":{"line":120,"column":4},"end":{"line":120,"column":39}},"79":{"start":{"line":121,"column":4},"end":{"line":121,"column":39}},"80":{"start":{"line":122,"column":4},"end":{"line":122,"column":39}},"81":{"start":{"line":123,"column":4},"end":{"line":123,"column":39}},"82":{"start":{"line":126,"column":2},"end":{"line":126,"column":27}},"83":{"start":{"line":127,"column":2},"end":{"line":135,"column":5}},"84":{"start":{"line":128,"column":3},"end":{"line":134,"column":3}},"85":{"start":{"line":134,"column":3},"end":{"line":134,"column":10}},"86":{"start":{"line":140,"column":0},"end":{"line":160,"column":0}},"87":{"start":{"line":141,"column":1},"end":{"line":157,"column":2}},"88":{"start":{"line":142,"column":2},"end":{"line":142,"column":37}},"89":{"start":{"line":143,"column":2},"end":{"line":143,"column":37}},"90":{"start":{"line":144,"column":2},"end":{"line":149,"column":1}},"91":{"start":{"line":145,"column":3},"end":{"line":145,"column":36}},"92":{"start":{"line":146,"column":3},"end":{"line":146,"column":36}},"93":{"start":{"line":147,"column":3},"end":{"line":147,"column":47}},"94":{"start":{"line":150,"column":2},"end":{"line":150,"column":67}},"95":{"start":{"line":151,"column":2},"end":{"line":151,"column":38}},"96":{"start":{"line":152,"column":2},"end":{"line":157,"column":1}},"97":{"start":{"line":153,"column":3},"end":{"line":153,"column":19}},"98":{"start":{"line":154,"column":3},"end":{"line":155,"column":3}},"99":{"start":{"line":155,"column":3},"end":{"line":155,"column":38}},"100":{"start":{"line":160,"column":0},"end":{"line":215,"column":0}},"101":{"start":{"line":162,"column":1},"end":{"line":162,"column":12}},"102":{"start":{"line":163,"column":1},"end":{"line":211,"column":2}},"103":{"start":{"line":164,"column":2},"end":{"line":164,"column":41}},"104":{"start":{"line":165,"column":2},"end":{"line":172,"column":3}},"105":{"start":{"line":166,"column":3},"end":{"line":171,"column":3}},"106":{"start":{"line":171,"column":3},"end":{"line":171,"column":9}},"107":{"start":{"line":173,"column":2},"end":{"line":180,"column":3}},"108":{"start":{"line":174,"column":3},"end":{"line":178,"column":5}},"109":{"start":{"line":179,"column":3},"end":{"line":179,"column":9}},"110":{"start":{"line":181,"column":2},"end":{"line":196,"column":3}},"111":{"start":{"line":188,"column":3},"end":{"line":193,"column":3}},"112":{"start":{"line":193,"column":3},"end":{"line":193,"column":21}},"113":{"start":{"line":194,"column":3},"end":{"line":194,"column":33}},"114":{"start":{"line":195,"column":3},"end":{"line":195,"column":12}},"115":{"start":{"line":197,"column":2},"end":{"line":210,"column":3}},"116":{"start":{"line":202,"column":3},"end":{"line":207,"column":3}},"117":{"start":{"line":207,"column":3},"end":{"line":207,"column":21}},"118":{"start":{"line":208,"column":3},"end":{"line":208,"column":33}},"119":{"start":{"line":209,"column":3},"end":{"line":209,"column":12}},"120":{"start":{"line":212,"column":1},"end":{"line":212,"column":15}},"121":{"start":{"line":215,"column":0},"end":{"line":233,"column":0}},"122":{"start":{"line":218,"column":1},"end":{"line":218,"column":37}},"123":{"start":{"line":219,"column":1},"end":{"line":221,"column":4}},"124":{"start":{"line":220,"column":2},"end":{"line":220,"column":44}},"125":{"start":{"line":223,"column":1},"end":{"line":223,"column":26}},"126":{"start":{"line":224,"column":1},"end":{"line":229,"column":2}},"127":{"start":{"line":225,"column":2},"end":{"line":228,"column":3}},"128":{"start":{"line":226,"column":3},"end":{"line":226,"column":19}},"129":{"start":{"line":227,"column":3},"end":{"line":227,"column":24}},"130":{"start":{"line":230,"column":1},"end":{"line":230,"column":13}},"131":{"start":{"line":233,"column":0},"end":{"line":246,"column":0}},"132":{"start":{"line":236,"column":1},"end":{"line":236,"column":55}},"133":{"start":{"line":238,"column":1},"end":{"line":243,"column":2}},"134":{"start":{"line":239,"column":2},"end":{"line":239,"column":57}},"135":{"start":{"line":240,"column":2},"end":{"line":240,"column":51}},"136":{"start":{"line":242,"column":2},"end":{"line":242,"column":18}},"137":{"start":{"line":246,"column":0},"end":{"line":266,"column":1}},"138":{"start":{"line":247,"column":1},"end":{"line":247,"column":22}},"139":{"start":{"line":248,"column":1},"end":{"line":248,"column":22}},"140":{"start":{"line":249,"column":1},"end":{"line":249,"column":22}},"141":{"start":{"line":251,"column":1},"end":{"line":251,"column":37}},"142":{"start":{"line":252,"column":1},"end":{"line":252,"column":37}},"143":{"start":{"line":253,"column":1},"end":{"line":253,"column":37}},"144":{"start":{"line":254,"column":1},"end":{"line":254,"column":37}},"145":{"start":{"line":256,"column":1},"end":{"line":263,"column":2}},"146":{"start":{"line":257,"column":2},"end":{"line":257,"column":17}},"147":{"start":{"line":258,"column":2},"end":{"line":258,"column":19}},"148":{"start":{"line":259,"column":2},"end":{"line":259,"column":27}},"149":{"start":{"line":260,"column":2},"end":{"line":260,"column":27}},"150":{"start":{"line":261,"column":2},"end":{"line":261,"column":27}},"151":{"start":{"line":262,"column":2},"end":{"line":262,"column":27}},"152":{"start":{"line":265,"column":1},"end":{"line":265,"column":53}}},"branchMap":{"1":{"line":8,"type":"if","locations":[{"start":{"line":8,"column":1},"end":{"line":8,"column":1}},{"start":{"line":8,"column":1},"end":{"line":8,"column":1}}]},"2":{"line":13,"type":"binary-expr","locations":[{"start":{"line":13,"column":11},"end":{"line":13,"column":18}},{"start":{"line":13,"column":22},"end":{"line":13,"column":24}}]},"3":{"line":16,"type":"if","locations":[{"start":{"line":16,"column":2},"end":{"line":16,"column":2}},{"start":{"line":16,"column":2},"end":{"line":16,"column":2}}]},"4":{"line":38,"type":"if","locations":[{"start":{"line":38,"column":3},"end":{"line":38,"column":3}},{"start":{"line":38,"column":3},"end":{"line":38,"column":3}}]},"5":{"line":40,"type":"binary-expr","locations":[{"start":{"line":40,"column":13},"end":{"line":40,"column":16}},{"start":{"line":40,"column":20},"end":{"line":40,"column":27}},{"start":{"line":40,"column":31},"end":{"line":40,"column":35}}]},"6":{"line":40,"type":"cond-expr","locations":[{"start":{"line":40,"column":43},"end":{"line":40,"column":47}},{"start":{"line":40,"column":50},"end":{"line":40,"column":54}}]},"7":{"line":49,"type":"if","locations":[{"start":{"line":49,"column":3},"end":{"line":49,"column":3}},{"start":{"line":49,"column":3},"end":{"line":49,"column":3}}]},"8":{"line":53,"type":"binary-expr","locations":[{"start":{"line":53,"column":21},"end":{"line":53,"column":38}},{"start":{"line":53,"column":42},"end":{"line":53,"column":78}}]},"9":{"line":54,"type":"if","locations":[{"start":{"line":54,"column":4},"end":{"line":54,"column":4}},{"start":{"line":54,"column":4},"end":{"line":54,"column":4}}]},"10":{"line":64,"type":"if","locations":[{"start":{"line":64,"column":4},"end":{"line":64,"column":4}},{"start":{"line":64,"column":4},"end":{"line":64,"column":4}}]},"11":{"line":72,"type":"if","locations":[{"start":{"line":72,"column":4},"end":{"line":72,"column":4}},{"start":{"line":72,"column":4},"end":{"line":72,"column":4}}]},"12":{"line":73,"type":"if","locations":[{"start":{"line":73,"column":6},"end":{"line":73,"column":6}},{"start":{"line":73,"column":6},"end":{"line":73,"column":6}}]},"13":{"line":75,"type":"if","locations":[{"start":{"line":75,"column":6},"end":{"line":75,"column":6}},{"start":{"line":75,"column":6},"end":{"line":75,"column":6}}]},"14":{"line":82,"type":"if","locations":[{"start":{"line":82,"column":4},"end":{"line":82,"column":4}},{"start":{"line":82,"column":4},"end":{"line":82,"column":4}}]},"15":{"line":103,"type":"if","locations":[{"start":{"line":103,"column":3},"end":{"line":103,"column":3}},{"start":{"line":103,"column":3},"end":{"line":103,"column":3}}]},"16":{"line":107,"type":"cond-expr","locations":[{"start":{"line":107,"column":42},"end":{"line":107,"column":50}},{"start":{"line":107,"column":53},"end":{"line":107,"column":61}}]},"17":{"line":119,"type":"if","locations":[{"start":{"line":119,"column":3},"end":{"line":119,"column":3}},{"start":{"line":119,"column":3},"end":{"line":119,"column":3}}]},"18":{"line":141,"type":"if","locations":[{"start":{"line":141,"column":1},"end":{"line":141,"column":1}},{"start":{"line":141,"column":1},"end":{"line":141,"column":1}}]},"19":{"line":165,"type":"if","locations":[{"start":{"line":165,"column":2},"end":{"line":165,"column":2}},{"start":{"line":165,"column":2},"end":{"line":165,"column":2}}]},"20":{"line":165,"type":"binary-expr","locations":[{"start":{"line":165,"column":5},"end":{"line":165,"column":18}},{"start":{"line":165,"column":22},"end":{"line":165,"column":47}}]},"21":{"line":173,"type":"if","locations":[{"start":{"line":173,"column":2},"end":{"line":173,"column":2}},{"start":{"line":173,"column":2},"end":{"line":173,"column":2}}]},"22":{"line":181,"type":"if","locations":[{"start":{"line":181,"column":2},"end":{"line":181,"column":2}},{"start":{"line":181,"column":2},"end":{"line":181,"column":2}}]},"23":{"line":181,"type":"binary-expr","locations":[{"start":{"line":181,"column":5},"end":{"line":181,"column":16}},{"start":{"line":182,"column":6},"end":{"line":182,"column":19}},{"start":{"line":183,"column":6},"end":{"line":183,"column":19}},{"start":{"line":184,"column":6},"end":{"line":184,"column":20}},{"start":{"line":185,"column":6},"end":{"line":185,"column":36}}]},"24":{"line":188,"type":"binary-expr","locations":[{"start":{"line":188,"column":12},"end":{"line":188,"column":18}},{"start":{"line":188,"column":22},"end":{"line":192,"column":4}}]},"25":{"line":197,"type":"if","locations":[{"start":{"line":197,"column":2},"end":{"line":197,"column":2}},{"start":{"line":197,"column":2},"end":{"line":197,"column":2}}]},"26":{"line":197,"type":"binary-expr","locations":[{"start":{"line":197,"column":5},"end":{"line":197,"column":16}},{"start":{"line":198,"column":6},"end":{"line":198,"column":19}},{"start":{"line":199,"column":6},"end":{"line":199,"column":35}}]},"27":{"line":202,"type":"binary-expr","locations":[{"start":{"line":202,"column":12},"end":{"line":202,"column":18}},{"start":{"line":202,"column":22},"end":{"line":206,"column":4}}]},"28":{"line":225,"type":"if","locations":[{"start":{"line":225,"column":2},"end":{"line":225,"column":2}},{"start":{"line":225,"column":2},"end":{"line":225,"column":2}}]},"29":{"line":238,"type":"if","locations":[{"start":{"line":238,"column":1},"end":{"line":238,"column":1}},{"start":{"line":238,"column":1},"end":{"line":238,"column":1}}]},"30":{"line":240,"type":"binary-expr","locations":[{"start":{"line":240,"column":10},"end":{"line":240,"column":19}},{"start":{"line":240,"column":21},"end":{"line":240,"column":23}}]},"31":{"line":240,"type":"binary-expr","locations":[{"start":{"line":240,"column":36},"end":{"line":240,"column":45}},{"start":{"line":240,"column":47},"end":{"line":240,"column":49}}]}}},"/Users/brianreavis/Repositories/geocsv-info/geometry_parsers.js":{"path":"/Users/brianreavis/Repositories/geocsv-info/geometry_parsers.js","s":{"1":1,"2":13,"3":13,"4":13,"5":13,"6":13,"7":15,"8":15,"9":15,"10":15},"b":{"1":[3,10],"2":[3,12]},"f":{"1":13,"2":15},"fnMap":{"1":{"name":"(anonymous_1)","line":11,"loc":{"start":{"line":11,"column":6},"end":{"line":11,"column":19}}},"2":{"name":"(anonymous_2)","line":25,"loc":{"start":{"line":25,"column":10},"end":{"line":25,"column":23}}}},"statementMap":{"1":{"start":{"line":9,"column":0},"end":{"line":38,"column":2}},"2":{"start":{"line":12,"column":2},"end":{"line":12,"column":86}},"3":{"start":{"line":14,"column":2},"end":{"line":14,"column":61}},"4":{"start":{"line":16,"column":2},"end":{"line":16,"column":35}},"5":{"start":{"line":17,"column":2},"end":{"line":17,"column":55}},"6":{"start":{"line":19,"column":2},"end":{"line":23,"column":1}},"7":{"start":{"line":26,"column":2},"end":{"line":26,"column":80}},"8":{"start":{"line":28,"column":2},"end":{"line":28,"column":59}},"9":{"start":{"line":30,"column":2},"end":{"line":30,"column":59}},"10":{"start":{"line":32,"column":2},"end":{"line":36,"column":1}}},"branchMap":{"1":{"line":20,"type":"cond-expr","locations":[{"start":{"line":20,"column":15},"end":{"line":20,"column":16}},{"start":{"line":20,"column":19},"end":{"line":20,"column":20}}]},"2":{"line":33,"type":"cond-expr","locations":[{"start":{"line":33,"column":15},"end":{"line":33,"column":16}},{"start":{"line":33,"column":19},"end":{"line":33,"column":20}}]}}}}