TN:
SF:/Users/brianreavis/Repositories/geocsv-info/index.js
FN:7,(anonymous_1)
FN:15,(anonymous_2)
FN:37,(anonymous_3)
FN:46,(anonymous_4)
FN:100,(anonymous_5)
FN:105,(anonymous_6)
FN:127,(anonymous_7)
FN:140,(anonymous_8)
FN:144,(anonymous_9)
FN:152,(anonymous_10)
FN:160,(anonymous_11)
FN:215,(anonymous_12)
FN:219,(anonymous_13)
FN:233,(anonymous_14)
FN:246,getArrayExtent
FNF:15
FNH:15
FNDA:20,(anonymous_1)
FNDA:20,(anonymous_2)
FNDA:19,(anonymous_3)
FNDA:64,(anonymous_4)
FNDA:45,(anonymous_5)
FNDA:58,(anonymous_6)
FNDA:17,(anonymous_7)
FNDA:17,(anonymous_8)
FNDA:17,(anonymous_9)
FNDA:28,(anonymous_10)
FNDA:18,(anonymous_11)
FNDA:18,(anonymous_12)
FNDA:72,(anonymous_13)
FNDA:15,(anonymous_14)
FNDA:26,getArrayExtent
DA:1,1
DA:2,1
DA:3,1
DA:4,1
DA:5,1
DA:7,1
DA:8,20
DA:9,19
DA:10,19
DA:13,20
DA:15,20
DA:16,20
DA:18,19
DA:19,19
DA:20,19
DA:21,19
DA:22,19
DA:23,19
DA:24,19
DA:25,19
DA:26,19
DA:27,19
DA:28,19
DA:29,19
DA:30,19
DA:31,19
DA:37,19
DA:38,19
DA:39,19
DA:40,19
DA:44,19
DA:45,19
DA:46,19
DA:47,64
DA:49,64
DA:50,19
DA:53,19
DA:54,19
DA:55,1
DA:57,18
DA:60,18
DA:63,18
DA:64,18
DA:65,1
DA:67,17
DA:68,17
DA:70,45
DA:72,45
DA:73,0
DA:74,0
DA:75,0
DA:76,0
DA:78,0
DA:82,45
DA:83,15
DA:84,15
DA:86,0
DA:91,62
DA:92,62
DA:95,19
DA:96,19
DA:98,19
DA:100,19
DA:101,45
DA:103,45
DA:104,17
DA:105,17
DA:106,58
DA:107,58
DA:111,45
DA:112,45
DA:113,45
DA:115,2
DA:116,2
DA:119,45
DA:120,43
DA:121,43
DA:122,43
DA:123,43
DA:126,19
DA:127,19
DA:128,17
DA:134,17
DA:140,1
DA:141,17
DA:142,5
DA:143,5
DA:144,5
DA:145,17
DA:146,17
DA:147,17
DA:150,12
DA:151,12
DA:152,12
DA:153,28
DA:154,28
DA:155,26
DA:160,1
DA:162,18
DA:163,18
DA:164,61
DA:165,61
DA:166,7
DA:171,7
DA:173,54
DA:174,5
DA:179,5
DA:181,49
DA:188,5
DA:193,5
DA:194,5
DA:195,5
DA:197,44
DA:202,5
DA:207,5
DA:208,5
DA:209,5
DA:212,18
DA:215,1
DA:218,18
DA:219,18
DA:220,72
DA:223,18
DA:224,18
DA:225,72
DA:226,17
DA:227,17
DA:230,18
DA:233,1
DA:236,15
DA:238,15
DA:239,15
DA:240,15
DA:242,0
DA:246,1
DA:247,26
DA:248,26
DA:249,26
DA:251,26
DA:252,26
DA:253,26
DA:254,26
DA:256,26
DA:257,75
DA:258,75
DA:259,75
DA:260,75
DA:261,75
DA:262,75
DA:265,26
LF:150
LH:143
BRDA:8,1,0,19
BRDA:8,1,1,1
BRDA:13,2,0,20
BRDA:13,2,1,19
BRDA:16,3,0,1
BRDA:16,3,1,19
BRDA:38,4,0,19
BRDA:38,4,1,0
BRDA:40,5,0,19
BRDA:40,5,1,17
BRDA:40,5,2,15
BRDA:40,6,0,2
BRDA:40,6,1,17
BRDA:49,7,0,19
BRDA:49,7,1,45
BRDA:53,8,0,19
BRDA:53,8,1,18
BRDA:54,9,0,1
BRDA:54,9,1,18
BRDA:64,10,0,1
BRDA:64,10,1,17
BRDA:72,11,0,0
BRDA:72,11,1,45
BRDA:73,12,0,0
BRDA:73,12,1,0
BRDA:75,13,0,0
BRDA:75,13,1,0
BRDA:82,14,0,15
BRDA:82,14,1,30
BRDA:103,15,0,17
BRDA:103,15,1,28
BRDA:107,16,0,22
BRDA:107,16,1,36
BRDA:119,17,0,43
BRDA:119,17,1,2
BRDA:141,18,0,5
BRDA:141,18,1,12
BRDA:165,19,0,7
BRDA:165,19,1,54
BRDA:165,20,0,61
BRDA:165,20,1,54
BRDA:173,21,0,5
BRDA:173,21,1,49
BRDA:181,22,0,5
BRDA:181,22,1,44
BRDA:181,23,0,49
BRDA:181,23,1,47
BRDA:181,23,2,46
BRDA:181,23,3,45
BRDA:181,23,4,45
BRDA:188,24,0,5
BRDA:188,24,1,1
BRDA:197,25,0,5
BRDA:197,25,1,39
BRDA:197,26,0,44
BRDA:197,26,1,42
BRDA:197,26,2,40
BRDA:202,27,0,5
BRDA:202,27,1,4
BRDA:225,28,0,17
BRDA:225,28,1,55
BRDA:238,29,0,15
BRDA:238,29,1,0
BRDA:240,30,0,15
BRDA:240,30,1,0
BRDA:240,31,0,15
BRDA:240,31,1,15
BRF:67
BRH:59
end_of_record
TN:
SF:/Users/brianreavis/Repositories/geocsv-info/geometry_parsers.js
FN:11,(anonymous_1)
FN:25,(anonymous_2)
FNF:2
FNH:2
FNDA:13,(anonymous_1)
FNDA:15,(anonymous_2)
DA:9,1
DA:12,13
DA:14,13
DA:16,13
DA:17,13
DA:19,13
DA:26,15
DA:28,15
DA:30,15
DA:32,15
LF:10
LH:10
BRDA:20,1,0,3
BRDA:20,1,1,10
BRDA:33,2,0,3
BRDA:33,2,1,12
BRF:4
BRH:4
end_of_record
